Not searching for unused variables given on the command line.
[36m--[0m The C compiler identification is GNU 9.4.0
[36m--[0m The CXX compiler identification is GNU 9.4.0
[36m--[0m Check for working C compiler: /usr/bin/cc
[36m--[0m Check for working C compiler: /usr/bin/cc -- works
[36m--[0m Detecting C compiler ABI info
[36m--[0m Detecting C compiler ABI info - done
[36m--[0m Detecting C compile features
[36m--[0m Detecting C compile features - done
[36m--[0m Check for working CXX compiler: /usr/bin/c++
[36m--[0m Check for working CXX compiler: /usr/bin/c++ -- works
[36m--[0m Detecting CXX compiler ABI info
[36m--[0m Detecting CXX compiler ABI info - done
[36m--[0m Detecting CXX compile features
[36m--[0m Detecting CXX compile features - done
[36m--[0m ======================  !Flightmare!  ======================
[36m--[0m ======> Setup Dependencies
[36m--[0m Using system provided Eigen.
[36m--[0m Eigen3 include dir: /usr/include/eigen3
[36m--[0m Getting Pybind11...
/usr/include/eigen3
Cloning into 'pybind11-src'...
Already on 'master'
[36m--[0m Pybind11 downloaded!
[36m--[0m pybind11 v2.11.0 dev1
[36m--[0m Found PythonInterp: /home/jerrywang/miniconda3/envs/flightmare/bin/python (found suitable version "3.6.13", minimum required is "3.6")
[36m--[0m Found PythonLibs: /home/jerrywang/miniconda3/envs/flightmare/lib/libpython3.6m.so
[36m--[0m Performing Test HAS_FLTO
[36m--[0m Performing Test HAS_FLTO - Success
[36m--[0m Getting yaml-cpp...
[36m--[0m Yaml downloaded!
[36m--[0m Found OpenCV: /usr (found version "4.2.0")
[36m--[0m Found OpenMP_C: -fopenmp (found version "4.5")
[36m--[0m Found OpenMP_CXX: -fopenmp (found version "4.5")
[36m--[0m Found OpenMP: TRUE (found version "4.5")
[36m--[0m ======> Setup Compilation
[36m--[0m Enabling fast optimization flags!
[36m--[0m The activated CXX RELEASE configuration is:
  -fPIC -Wall -DNDEBUG  -fopenmp  -Ofast  -march=native
[36m--[0m The activated CXX DEBUG configuration is:
  -fPIC -Wall -g -fopenmp
[36m--[0m ======>  Setup Build
[36m--[0m ======>  Building with -- catkin --
[36m--[0m Using CATKIN_DEVEL_PREFIX: /home/jerrywang/flightmare_ws/devel
[36m--[0m Using CMAKE_PREFIX_PATH: /home/jerrywang/flightmare_ws/devel;/opt/ros/noetic
[36m--[0m This workspace overlays: /home/jerrywang/flightmare_ws/devel;/opt/ros/noetic
[36m--[0m Found PythonInterp: /home/jerrywang/miniconda3/envs/flightmare/bin/python (found suitable version "3.6.13", minimum required is "3.6.13")
[36m--[0m Using PYTHON_EXECUTABLE: /home/jerrywang/miniconda3/envs/flightmare/bin/python
[36m--[0m Using Debian Python package layout
[36m--[0m Found PY_em: /home/jerrywang/miniconda3/envs/flightmare/lib/python3.6/site-packages/em.py
[36m--[0m Using empy: /home/jerrywang/miniconda3/envs/flightmare/lib/python3.6/site-packages/em.py
[36m--[0m Using CATKIN_ENABLE_TESTING: ON
[36m--[0m Call enable_testing()
[36m--[0m Using CATKIN_TEST_RESULTS_DIR: /home/jerrywang/flightmare_ws/build/flightlib/test_results
[36m--[0m Forcing gtest/gmock from source, though one was otherwise available.
[36m--[0m Found gtest sources under '/usr/src/googletest': gtests will be built
[36m--[0m Found gmock sources under '/usr/src/googletest': gmock will be built
[36m--[0m Found PythonInterp: /home/jerrywang/miniconda3/envs/flightmare/bin/python (found version "3.6.13")
[36m--[0m Found Threads: TRUE
[36m--[0m Using Python nosetests: /usr/bin/nosetests3
[36m--[0m catkin 0.8.10
[36m--[0m BUILD_SHARED_LIBS is on
[36m--[0m Marking SHARED_LIBRARY "flightlib" of package "flightlib" for installation
[36m--[0m Marking HEADER FILES in "include" folder of package "flightlib" for installation
[36m--[0m Configuring done
[36m--[0m Generating done
[36m--[0m Build files have been written to: /home/jerrywang/flightmare_ws/build/flightlib
