Not searching for unused variables given on the command line.
CMake Warning (dev) at CMakeLists.txt:13 (project):
  Policy CMP0048 is not set: project() command manages VERSION variables.
  Run "cmake --help-policy CMP0048" for policy details.  Use the cmake_policy
  command to set the policy and suppress this warning.

  The following variable(s) would be set to empty:

    CMAKE_PROJECT_VERSION
    CMAKE_PROJECT_VERSION_MAJOR
    CMAKE_PROJECT_VERSION_MINOR
    CMAKE_PROJECT_VERSION_PATCH
This warning is for project developers.  Use -Wno-dev to suppress it.

[36m--[0m BUILD_OCTOMAP_PLUGIN variable not provided, setting to FALSE.
[36m--[0m BUILD_OPTICAL_FLOW_PLUGIN variable not provided, setting to FALSE.
[36m--[0m NO_ROS variable not provided, setting to FALSE.
[36m--[0m CMAKE_BINARY_DIR = /home/jerrywang/flightmare_ws/build/rotors_gazebo_plugins
[36m--[0m Could NOT find MAVLink (missing: MAVLINK_INCLUDE_DIRS) (found version "2.0")
[36m--[0m  mavlink not found, not building MAVLINK_INTERFACE_PLUGIN.
[36m--[0m ADDITIONAL_INCLUDE_DIRS =
[36m--[0m BUILD_OCTOMAP_PLUGIN = FALSE, NOT building gazebo_octomap_plugin.
[36m--[0m BUILD_OPTICAL_FLOW_PLUGIN = FALSE, NOT building gazebo_optical_flow_plugin.
[36m--[0m NO_ROS = FALSE, building rotors_gazebo_plugins WITH ROS dependancies.
[36m--[0m Using CATKIN_DEVEL_PREFIX: /home/jerrywang/flightmare_ws/devel
[36m--[0m Using CMAKE_PREFIX_PATH: /home/jerrywang/flightmare_ws/devel;/opt/ros/noetic
[36m--[0m This workspace overlays: /home/jerrywang/flightmare_ws/devel;/opt/ros/noetic
[36m--[0m Found PythonInterp: /usr/bin/python3 (found suitable version "3.8.10", minimum required is "3")
[36m--[0m Using PYTHON_EXECUTABLE: /usr/bin/python3
[36m--[0m Using Debian Python package layout
[36m--[0m Using empy: /home/jerrywang/miniconda3/envs/flightmare/lib/python3.6/site-packages/em.py
[36m--[0m Using CATKIN_ENABLE_TESTING: ON
[36m--[0m Call enable_testing()
[36m--[0m Using CATKIN_TEST_RESULTS_DIR: /home/jerrywang/flightmare_ws/build/rotors_gazebo_plugins/test_results
[36m--[0m Forcing gtest/gmock from source, though one was otherwise available.
[36m--[0m Found gtest sources under '/usr/src/googletest': gtests will be built
[36m--[0m Found gmock sources under '/usr/src/googletest': gmock will be built
[36m--[0m Found PythonInterp: /usr/bin/python3 (found version "3.8.10")
[36m--[0m Using Python nosetests: /usr/bin/nosetests3
[36m--[0m catkin 0.8.10
[36m--[0m BUILD_SHARED_LIBS is on
[36m--[0m Using these message generators: gencpp;geneus;genlisp;gennodejs;genpy
[36m--[0m CMAKE_BINARY_DIR = /home/jerrywang/flightmare_ws/build/rotors_gazebo_plugins
[36m--[0m Eigen found (include: /usr/include/eigen3)
[36m--[0m Found DART: /usr/include (Required is at least version "6.6") found components: dart
[31m[1mCMake Error[0m at /usr/share/cmake-3.16/Modules/FindProtobuf.cmake:469 (file):
  file STRINGS file "/usr/local/include/google/protobuf/stubs/common.h"
  cannot be read.
[36mCall Stack (most recent call first):[0m
  /usr/lib/x86_64-linux-gnu/cmake/gazebo/gazebo-config.cmake:203 (find_package)
  /opt/ros/noetic/share/gazebo_dev/cmake/gazebo_dev-extras.cmake:2 (find_package)
  /opt/ros/noetic/share/gazebo_dev/cmake/gazebo_devConfig.cmake:222 (include)
  CMakeLists.txt:125 (find_package)


[31m[1mCMake Error[0m at /usr/share/cmake-3.16/Modules/FindProtobuf.cmake:475 (math):
  math cannot parse the expression: " / 1000000": syntax error, unexpected
  exp_DIVIDE (2).
[36mCall Stack (most recent call first):[0m
  /usr/lib/x86_64-linux-gnu/cmake/gazebo/gazebo-config.cmake:203 (find_package)
  /opt/ros/noetic/share/gazebo_dev/cmake/gazebo_dev-extras.cmake:2 (find_package)
  /opt/ros/noetic/share/gazebo_dev/cmake/gazebo_devConfig.cmake:222 (include)
  CMakeLists.txt:125 (find_package)


[31m[1mCMake Error[0m at /usr/share/cmake-3.16/Modules/FindProtobuf.cmake:476 (math):
  math cannot parse the expression: " / 1000 % 1000": syntax error,
  unexpected exp_DIVIDE (2).
[36mCall Stack (most recent call first):[0m
  /usr/lib/x86_64-linux-gnu/cmake/gazebo/gazebo-config.cmake:203 (find_package)
  /opt/ros/noetic/share/gazebo_dev/cmake/gazebo_dev-extras.cmake:2 (find_package)
  /opt/ros/noetic/share/gazebo_dev/cmake/gazebo_devConfig.cmake:222 (include)
  CMakeLists.txt:125 (find_package)


[31m[1mCMake Error[0m at /usr/share/cmake-3.16/Modules/FindProtobuf.cmake:477 (math):
  math cannot parse the expression: " % 1000": syntax error, unexpected
  exp_MOD (2).
[36mCall Stack (most recent call first):[0m
  /usr/lib/x86_64-linux-gnu/cmake/gazebo/gazebo-config.cmake:203 (find_package)
  /opt/ros/noetic/share/gazebo_dev/cmake/gazebo_dev-extras.cmake:2 (find_package)
  /opt/ros/noetic/share/gazebo_dev/cmake/gazebo_devConfig.cmake:222 (include)
  CMakeLists.txt:125 (find_package)


[36m--[0m Looking for ignition-math6 -- found version 6.13.0
[36m--[0m Searching for dependencies of ignition-math6
[36m--[0m Looking for OGRE...
[36m--[0m Found Ogre Ghadamon (1.9.0)
[36m--[0m Found OGRE: optimized;/usr/lib/x86_64-linux-gnu/libOgreMain.so;debug;/usr/lib/x86_64-linux-gnu/libOgreMain.so
[36m--[0m Looking for OGRE_Paging...
[36m--[0m Found OGRE_Paging: optimized;/usr/lib/x86_64-linux-gnu/libOgrePaging.so;debug;/usr/lib/x86_64-linux-gnu/libOgrePaging.so
[36m--[0m Looking for OGRE_Terrain...
[36m--[0m Found OGRE_Terrain: optimized;/usr/lib/x86_64-linux-gnu/libOgreTerrain.so;debug;/usr/lib/x86_64-linux-gnu/libOgreTerrain.so
[36m--[0m Looking for OGRE_Property...
[36m--[0m Found OGRE_Property: optimized;/usr/lib/x86_64-linux-gnu/libOgreProperty.so;debug;/usr/lib/x86_64-linux-gnu/libOgreProperty.so
[36m--[0m Looking for OGRE_RTShaderSystem...
[36m--[0m Found OGRE_RTShaderSystem: optimized;/usr/lib/x86_64-linux-gnu/libOgreRTShaderSystem.so;debug;/usr/lib/x86_64-linux-gnu/libOgreRTShaderSystem.so
[36m--[0m Looking for OGRE_Volume...
[36m--[0m Found OGRE_Volume: optimized;/usr/lib/x86_64-linux-gnu/libOgreVolume.so;debug;/usr/lib/x86_64-linux-gnu/libOgreVolume.so
[36m--[0m Looking for OGRE_Overlay...
[36m--[0m Found OGRE_Overlay: optimized;/usr/lib/x86_64-linux-gnu/libOgreOverlay.so;debug;/usr/lib/x86_64-linux-gnu/libOgreOverlay.so
[36m--[0m Looking for ignition-math6 -- found version 6.13.0
[36m--[0m Looking for ignition-transport8 -- found version 8.3.0
[36m--[0m Searching for dependencies of ignition-transport8
[31m[1mCMake Error[0m at /usr/share/cmake-3.16/Modules/FindProtobuf.cmake:469 (file):
  file STRINGS file "/usr/local/include/google/protobuf/stubs/common.h"
  cannot be read.
[36mCall Stack (most recent call first):[0m
  /usr/share/cmake/ignition-cmake2/cmake2/FindIgnProtobuf.cmake:34 (find_package)
  /usr/lib/x86_64-linux-gnu/cmake/ignition-transport8/ignition-transport8-config.cmake:92 (find_package)
  /usr/lib/x86_64-linux-gnu/cmake/gazebo/gazebo-config.cmake:235 (find_package)
  /opt/ros/noetic/share/gazebo_dev/cmake/gazebo_dev-extras.cmake:2 (find_package)
  /opt/ros/noetic/share/gazebo_dev/cmake/gazebo_devConfig.cmake:222 (include)
  CMakeLists.txt:125 (find_package)


[31m[1mCMake Error[0m at /usr/share/cmake-3.16/Modules/FindProtobuf.cmake:475 (math):
  math cannot parse the expression: " / 1000000": syntax error, unexpected
  exp_DIVIDE (2).
[36mCall Stack (most recent call first):[0m
  /usr/share/cmake/ignition-cmake2/cmake2/FindIgnProtobuf.cmake:34 (find_package)
  /usr/lib/x86_64-linux-gnu/cmake/ignition-transport8/ignition-transport8-config.cmake:92 (find_package)
  /usr/lib/x86_64-linux-gnu/cmake/gazebo/gazebo-config.cmake:235 (find_package)
  /opt/ros/noetic/share/gazebo_dev/cmake/gazebo_dev-extras.cmake:2 (find_package)
  /opt/ros/noetic/share/gazebo_dev/cmake/gazebo_devConfig.cmake:222 (include)
  CMakeLists.txt:125 (find_package)


[31m[1mCMake Error[0m at /usr/share/cmake-3.16/Modules/FindProtobuf.cmake:476 (math):
  math cannot parse the expression: " / 1000 % 1000": syntax error,
  unexpected exp_DIVIDE (2).
[36mCall Stack (most recent call first):[0m
  /usr/share/cmake/ignition-cmake2/cmake2/FindIgnProtobuf.cmake:34 (find_package)
  /usr/lib/x86_64-linux-gnu/cmake/ignition-transport8/ignition-transport8-config.cmake:92 (find_package)
  /usr/lib/x86_64-linux-gnu/cmake/gazebo/gazebo-config.cmake:235 (find_package)
  /opt/ros/noetic/share/gazebo_dev/cmake/gazebo_dev-extras.cmake:2 (find_package)
  /opt/ros/noetic/share/gazebo_dev/cmake/gazebo_devConfig.cmake:222 (include)
  CMakeLists.txt:125 (find_package)


[31m[1mCMake Error[0m at /usr/share/cmake-3.16/Modules/FindProtobuf.cmake:477 (math):
  math cannot parse the expression: " % 1000": syntax error, unexpected
  exp_MOD (2).
[36mCall Stack (most recent call first):[0m
  /usr/share/cmake/ignition-cmake2/cmake2/FindIgnProtobuf.cmake:34 (find_package)
  /usr/lib/x86_64-linux-gnu/cmake/ignition-transport8/ignition-transport8-config.cmake:92 (find_package)
  /usr/lib/x86_64-linux-gnu/cmake/gazebo/gazebo-config.cmake:235 (find_package)
  /opt/ros/noetic/share/gazebo_dev/cmake/gazebo_dev-extras.cmake:2 (find_package)
  /opt/ros/noetic/share/gazebo_dev/cmake/gazebo_devConfig.cmake:222 (include)
  CMakeLists.txt:125 (find_package)


[36m--[0m Could NOT find Protobuf: Found unsuitable version "ERROR.ERROR.ERROR", but required is at least "3" (found /usr/local/lib/libprotobuf.so;-lpthread)
[36m--[0m Config-file not installed for ZeroMQ -- checking for pkg-config
[36m--[0m Checking for module 'libzmq >= 4'
[36m--[0m   Found libzmq , version 4.3.2
[36m--[0m Checking for module 'uuid'
[36m--[0m   Found uuid, version 2.34.0
[36m--[0m Looking for ignition-msgs5 -- found version 5.10.0
[36m--[0m Searching for dependencies of ignition-msgs5
[31m[1mCMake Error[0m at /usr/share/cmake-3.16/Modules/FindProtobuf.cmake:469 (file):
  file STRINGS file "/usr/local/include/google/protobuf/stubs/common.h"
  cannot be read.
[36mCall Stack (most recent call first):[0m
  /usr/share/cmake/ignition-cmake2/cmake2/FindIgnProtobuf.cmake:34 (find_package)
  /usr/lib/x86_64-linux-gnu/cmake/ignition-msgs5/ignition-msgs5-config.cmake:92 (find_package)
  /usr/lib/x86_64-linux-gnu/cmake/ignition-transport8/ignition-transport8-config.cmake:96 (find_package)
  /usr/lib/x86_64-linux-gnu/cmake/gazebo/gazebo-config.cmake:235 (find_package)
  /opt/ros/noetic/share/gazebo_dev/cmake/gazebo_dev-extras.cmake:2 (find_package)
  /opt/ros/noetic/share/gazebo_dev/cmake/gazebo_devConfig.cmake:222 (include)
  CMakeLists.txt:125 (find_package)


[31m[1mCMake Error[0m at /usr/share/cmake-3.16/Modules/FindProtobuf.cmake:475 (math):
  math cannot parse the expression: " / 1000000": syntax error, unexpected
  exp_DIVIDE (2).
[36mCall Stack (most recent call first):[0m
  /usr/share/cmake/ignition-cmake2/cmake2/FindIgnProtobuf.cmake:34 (find_package)
  /usr/lib/x86_64-linux-gnu/cmake/ignition-msgs5/ignition-msgs5-config.cmake:92 (find_package)
  /usr/lib/x86_64-linux-gnu/cmake/ignition-transport8/ignition-transport8-config.cmake:96 (find_package)
  /usr/lib/x86_64-linux-gnu/cmake/gazebo/gazebo-config.cmake:235 (find_package)
  /opt/ros/noetic/share/gazebo_dev/cmake/gazebo_dev-extras.cmake:2 (find_package)
  /opt/ros/noetic/share/gazebo_dev/cmake/gazebo_devConfig.cmake:222 (include)
  CMakeLists.txt:125 (find_package)


[31m[1mCMake Error[0m at /usr/share/cmake-3.16/Modules/FindProtobuf.cmake:476 (math):
  math cannot parse the expression: " / 1000 % 1000": syntax error,
  unexpected exp_DIVIDE (2).
[36mCall Stack (most recent call first):[0m
  /usr/share/cmake/ignition-cmake2/cmake2/FindIgnProtobuf.cmake:34 (find_package)
  /usr/lib/x86_64-linux-gnu/cmake/ignition-msgs5/ignition-msgs5-config.cmake:92 (find_package)
  /usr/lib/x86_64-linux-gnu/cmake/ignition-transport8/ignition-transport8-config.cmake:96 (find_package)
  /usr/lib/x86_64-linux-gnu/cmake/gazebo/gazebo-config.cmake:235 (find_package)
  /opt/ros/noetic/share/gazebo_dev/cmake/gazebo_dev-extras.cmake:2 (find_package)
  /opt/ros/noetic/share/gazebo_dev/cmake/gazebo_devConfig.cmake:222 (include)
  CMakeLists.txt:125 (find_package)


[31m[1mCMake Error[0m at /usr/share/cmake-3.16/Modules/FindProtobuf.cmake:477 (math):
  math cannot parse the expression: " % 1000": syntax error, unexpected
  exp_MOD (2).
[36mCall Stack (most recent call first):[0m
  /usr/share/cmake/ignition-cmake2/cmake2/FindIgnProtobuf.cmake:34 (find_package)
  /usr/lib/x86_64-linux-gnu/cmake/ignition-msgs5/ignition-msgs5-config.cmake:92 (find_package)
  /usr/lib/x86_64-linux-gnu/cmake/ignition-transport8/ignition-transport8-config.cmake:96 (find_package)
  /usr/lib/x86_64-linux-gnu/cmake/gazebo/gazebo-config.cmake:235 (find_package)
  /opt/ros/noetic/share/gazebo_dev/cmake/gazebo_dev-extras.cmake:2 (find_package)
  /opt/ros/noetic/share/gazebo_dev/cmake/gazebo_devConfig.cmake:222 (include)
  CMakeLists.txt:125 (find_package)


[36m--[0m Could NOT find Protobuf: Found unsuitable version "ERROR.ERROR.ERROR", but required is at least "3" (found /usr/local/lib/libprotobuf.so;-lpthread)
[36m--[0m Looking for ignition-math6 -- found version 6.13.0
[36m--[0m Checking for module 'tinyxml2'
[36m--[0m   Found tinyxml2, version 6.2.0
[36m--[0m Looking for ignition-msgs5 -- found version 5.10.0
[36m--[0m Looking for ignition-common3 -- found version 3.14.2
[36m--[0m Searching for dependencies of ignition-common3
[36m--[0m Looking for dlfcn.h - found
[36m--[0m Looking for libdl - found
[36m--[0m Searching for <ignition-common3> component [graphics]
[36m--[0m Looking for ignition-common3-graphics -- found version 3.14.2
[36m--[0m Searching for dependencies of ignition-common3-graphics
[36m--[0m Looking for ignition-math6 -- found version 6.13.0
[36m--[0m Looking for ignition-fuel_tools4 -- found version 4.6.0
[36m--[0m Searching for dependencies of ignition-fuel_tools4
[36m--[0m Checking for module 'jsoncpp'
[36m--[0m   Found jsoncpp, version 1.7.4
[36m--[0m Checking for module 'yaml-0.1'
[36m--[0m   Found yaml-0.1, version 0.2.2
[36m--[0m Checking for module 'libzip'
[36m--[0m   Found libzip, version 1.5.1
[36m--[0m Looking for ignition-common3 -- found version 3.14.2
[36m--[0m Looking for ignition-math6 -- found version 6.13.0
[36m--[0m Looking for ignition-msgs5 -- found version 5.10.0
[36m--[0m Gazebo version: 11.11
[36m--[0m No yaml_cpp_catkin, using yaml-cpp system library instead.
[36m--[0m PROTOBUF_IMPORT_DIRS = /usr/include/gazebo-11/gazebo/msgs/proto
[31m[1mCMake Error[0m at /usr/share/cmake-3.16/Modules/FindProtobuf.cmake:469 (file):
  file STRINGS file "/usr/local/include/google/protobuf/stubs/common.h"
  cannot be read.
[36mCall Stack (most recent call first):[0m
  CMakeLists.txt:189 (find_package)


[31m[1mCMake Error[0m at /usr/share/cmake-3.16/Modules/FindProtobuf.cmake:475 (math):
  math cannot parse the expression: " / 1000000": syntax error, unexpected
  exp_DIVIDE (2).
[36mCall Stack (most recent call first):[0m
  CMakeLists.txt:189 (find_package)


[31m[1mCMake Error[0m at /usr/share/cmake-3.16/Modules/FindProtobuf.cmake:476 (math):
  math cannot parse the expression: " / 1000 % 1000": syntax error,
  unexpected exp_DIVIDE (2).
[36mCall Stack (most recent call first):[0m
  CMakeLists.txt:189 (find_package)


[31m[1mCMake Error[0m at /usr/share/cmake-3.16/Modules/FindProtobuf.cmake:477 (math):
  math cannot parse the expression: " % 1000": syntax error, unexpected
  exp_MOD (2).
[36mCall Stack (most recent call first):[0m
  CMakeLists.txt:189 (find_package)


[33m[1mCMake Warning[0m at /opt/ros/noetic/share/catkin/cmake/catkin_package.cmake:166 (message):
  catkin_package() DEPENDS on 'octomap' but neither 'octomap_INCLUDE_DIRS'
  nor 'octomap_LIBRARIES' is defined.
[36mCall Stack (most recent call first):[0m
  /opt/ros/noetic/share/catkin/cmake/catkin_package.cmake:102 (_catkin_package)
  CMakeLists.txt:229 (catkin_package)


[36m--[0m GAZEBO 11.11.0
--
[36m--[0m BUILD_MAVLINK_INTERFACE_PLUGIN = FALSE, NOT adding mavros dependency and NOT building mavlink_interface_plugin.
[36m--[0m CMAKE_INSTALL_PREFIX = /home/jerrywang/flightmare_ws/install
[36m--[0m Configuring incomplete, errors occurred!
See also "/home/jerrywang/flightmare_ws/build/rotors_gazebo_plugins/CMakeFiles/CMakeOutput.log".
See also "/home/jerrywang/flightmare_ws/build/rotors_gazebo_plugins/CMakeFiles/CMakeError.log".
