CMake Warning (dev) at CMakeLists.txt:13 (project):
  Policy CMP0048 is not set: project() command manages VERSION variables.
  Run "cmake --help-policy CMP0048" for policy details.  Use the cmake_policy
  command to set the policy and suppress this warning.

  The following variable(s) would be set to empty:

    CMAKE_PROJECT_VERSION
    CMAKE_PROJECT_VERSION_MAJOR
    CMAKE_PROJECT_VERSION_MINOR
    CMAKE_PROJECT_VERSION_PATCH
This warning is for project developers.  Use -Wno-dev to suppress it.

[31m[1mCMake Error[0m at /usr/share/cmake-3.16/Modules/FindProtobuf.cmake:469 (file):
  file STRINGS file "/usr/local/include/google/protobuf/stubs/common.h"
  cannot be read.
[36mCall Stack (most recent call first):[0m
  /usr/lib/x86_64-linux-gnu/cmake/gazebo/gazebo-config.cmake:203 (find_package)
  /opt/ros/noetic/share/gazebo_dev/cmake/gazebo_dev-extras.cmake:2 (find_package)
  /opt/ros/noetic/share/gazebo_dev/cmake/gazebo_devConfig.cmake:222 (include)
  CMakeLists.txt:125 (find_package)


[31m[1mCMake Error[0m at /usr/share/cmake-3.16/Modules/FindProtobuf.cmake:475 (math):
  math cannot parse the expression: " / 1000000": syntax error, unexpected
  exp_DIVIDE (2).
[36mCall Stack (most recent call first):[0m
  /usr/lib/x86_64-linux-gnu/cmake/gazebo/gazebo-config.cmake:203 (find_package)
  /opt/ros/noetic/share/gazebo_dev/cmake/gazebo_dev-extras.cmake:2 (find_package)
  /opt/ros/noetic/share/gazebo_dev/cmake/gazebo_devConfig.cmake:222 (include)
  CMakeLists.txt:125 (find_package)


[31m[1mCMake Error[0m at /usr/share/cmake-3.16/Modules/FindProtobuf.cmake:476 (math):
  math cannot parse the expression: " / 1000 % 1000": syntax error,
  unexpected exp_DIVIDE (2).
[36mCall Stack (most recent call first):[0m
  /usr/lib/x86_64-linux-gnu/cmake/gazebo/gazebo-config.cmake:203 (find_package)
  /opt/ros/noetic/share/gazebo_dev/cmake/gazebo_dev-extras.cmake:2 (find_package)
  /opt/ros/noetic/share/gazebo_dev/cmake/gazebo_devConfig.cmake:222 (include)
  CMakeLists.txt:125 (find_package)


[31m[1mCMake Error[0m at /usr/share/cmake-3.16/Modules/FindProtobuf.cmake:477 (math):
  math cannot parse the expression: " % 1000": syntax error, unexpected
  exp_MOD (2).
[36mCall Stack (most recent call first):[0m
  /usr/lib/x86_64-linux-gnu/cmake/gazebo/gazebo-config.cmake:203 (find_package)
  /opt/ros/noetic/share/gazebo_dev/cmake/gazebo_dev-extras.cmake:2 (find_package)
  /opt/ros/noetic/share/gazebo_dev/cmake/gazebo_devConfig.cmake:222 (include)
  CMakeLists.txt:125 (find_package)


[31m[1mCMake Error[0m at /usr/share/cmake-3.16/Modules/FindProtobuf.cmake:469 (file):
  file STRINGS file "/usr/local/include/google/protobuf/stubs/common.h"
  cannot be read.
[36mCall Stack (most recent call first):[0m
  /usr/share/cmake/ignition-cmake2/cmake2/FindIgnProtobuf.cmake:34 (find_package)
  /usr/lib/x86_64-linux-gnu/cmake/ignition-transport8/ignition-transport8-config.cmake:92 (find_package)
  /usr/lib/x86_64-linux-gnu/cmake/gazebo/gazebo-config.cmake:235 (find_package)
  /opt/ros/noetic/share/gazebo_dev/cmake/gazebo_dev-extras.cmake:2 (find_package)
  /opt/ros/noetic/share/gazebo_dev/cmake/gazebo_devConfig.cmake:222 (include)
  CMakeLists.txt:125 (find_package)


[31m[1mCMake Error[0m at /usr/share/cmake-3.16/Modules/FindProtobuf.cmake:475 (math):
  math cannot parse the expression: " / 1000000": syntax error, unexpected
  exp_DIVIDE (2).
[36mCall Stack (most recent call first):[0m
  /usr/share/cmake/ignition-cmake2/cmake2/FindIgnProtobuf.cmake:34 (find_package)
  /usr/lib/x86_64-linux-gnu/cmake/ignition-transport8/ignition-transport8-config.cmake:92 (find_package)
  /usr/lib/x86_64-linux-gnu/cmake/gazebo/gazebo-config.cmake:235 (find_package)
  /opt/ros/noetic/share/gazebo_dev/cmake/gazebo_dev-extras.cmake:2 (find_package)
  /opt/ros/noetic/share/gazebo_dev/cmake/gazebo_devConfig.cmake:222 (include)
  CMakeLists.txt:125 (find_package)


[31m[1mCMake Error[0m at /usr/share/cmake-3.16/Modules/FindProtobuf.cmake:476 (math):
  math cannot parse the expression: " / 1000 % 1000": syntax error,
  unexpected exp_DIVIDE (2).
[36mCall Stack (most recent call first):[0m
  /usr/share/cmake/ignition-cmake2/cmake2/FindIgnProtobuf.cmake:34 (find_package)
  /usr/lib/x86_64-linux-gnu/cmake/ignition-transport8/ignition-transport8-config.cmake:92 (find_package)
  /usr/lib/x86_64-linux-gnu/cmake/gazebo/gazebo-config.cmake:235 (find_package)
  /opt/ros/noetic/share/gazebo_dev/cmake/gazebo_dev-extras.cmake:2 (find_package)
  /opt/ros/noetic/share/gazebo_dev/cmake/gazebo_devConfig.cmake:222 (include)
  CMakeLists.txt:125 (find_package)


[31m[1mCMake Error[0m at /usr/share/cmake-3.16/Modules/FindProtobuf.cmake:477 (math):
  math cannot parse the expression: " % 1000": syntax error, unexpected
  exp_MOD (2).
[36mCall Stack (most recent call first):[0m
  /usr/share/cmake/ignition-cmake2/cmake2/FindIgnProtobuf.cmake:34 (find_package)
  /usr/lib/x86_64-linux-gnu/cmake/ignition-transport8/ignition-transport8-config.cmake:92 (find_package)
  /usr/lib/x86_64-linux-gnu/cmake/gazebo/gazebo-config.cmake:235 (find_package)
  /opt/ros/noetic/share/gazebo_dev/cmake/gazebo_dev-extras.cmake:2 (find_package)
  /opt/ros/noetic/share/gazebo_dev/cmake/gazebo_devConfig.cmake:222 (include)
  CMakeLists.txt:125 (find_package)


[31m[1mCMake Error[0m at /usr/share/cmake-3.16/Modules/FindProtobuf.cmake:469 (file):
  file STRINGS file "/usr/local/include/google/protobuf/stubs/common.h"
  cannot be read.
[36mCall Stack (most recent call first):[0m
  /usr/share/cmake/ignition-cmake2/cmake2/FindIgnProtobuf.cmake:34 (find_package)
  /usr/lib/x86_64-linux-gnu/cmake/ignition-msgs5/ignition-msgs5-config.cmake:92 (find_package)
  /usr/lib/x86_64-linux-gnu/cmake/ignition-transport8/ignition-transport8-config.cmake:96 (find_package)
  /usr/lib/x86_64-linux-gnu/cmake/gazebo/gazebo-config.cmake:235 (find_package)
  /opt/ros/noetic/share/gazebo_dev/cmake/gazebo_dev-extras.cmake:2 (find_package)
  /opt/ros/noetic/share/gazebo_dev/cmake/gazebo_devConfig.cmake:222 (include)
  CMakeLists.txt:125 (find_package)


[31m[1mCMake Error[0m at /usr/share/cmake-3.16/Modules/FindProtobuf.cmake:475 (math):
  math cannot parse the expression: " / 1000000": syntax error, unexpected
  exp_DIVIDE (2).
[36mCall Stack (most recent call first):[0m
  /usr/share/cmake/ignition-cmake2/cmake2/FindIgnProtobuf.cmake:34 (find_package)
  /usr/lib/x86_64-linux-gnu/cmake/ignition-msgs5/ignition-msgs5-config.cmake:92 (find_package)
  /usr/lib/x86_64-linux-gnu/cmake/ignition-transport8/ignition-transport8-config.cmake:96 (find_package)
  /usr/lib/x86_64-linux-gnu/cmake/gazebo/gazebo-config.cmake:235 (find_package)
  /opt/ros/noetic/share/gazebo_dev/cmake/gazebo_dev-extras.cmake:2 (find_package)
  /opt/ros/noetic/share/gazebo_dev/cmake/gazebo_devConfig.cmake:222 (include)
  CMakeLists.txt:125 (find_package)


[31m[1mCMake Error[0m at /usr/share/cmake-3.16/Modules/FindProtobuf.cmake:476 (math):
  math cannot parse the expression: " / 1000 % 1000": syntax error,
  unexpected exp_DIVIDE (2).
[36mCall Stack (most recent call first):[0m
  /usr/share/cmake/ignition-cmake2/cmake2/FindIgnProtobuf.cmake:34 (find_package)
  /usr/lib/x86_64-linux-gnu/cmake/ignition-msgs5/ignition-msgs5-config.cmake:92 (find_package)
  /usr/lib/x86_64-linux-gnu/cmake/ignition-transport8/ignition-transport8-config.cmake:96 (find_package)
  /usr/lib/x86_64-linux-gnu/cmake/gazebo/gazebo-config.cmake:235 (find_package)
  /opt/ros/noetic/share/gazebo_dev/cmake/gazebo_dev-extras.cmake:2 (find_package)
  /opt/ros/noetic/share/gazebo_dev/cmake/gazebo_devConfig.cmake:222 (include)
  CMakeLists.txt:125 (find_package)


[31m[1mCMake Error[0m at /usr/share/cmake-3.16/Modules/FindProtobuf.cmake:477 (math):
  math cannot parse the expression: " % 1000": syntax error, unexpected
  exp_MOD (2).
[36mCall Stack (most recent call first):[0m
  /usr/share/cmake/ignition-cmake2/cmake2/FindIgnProtobuf.cmake:34 (find_package)
  /usr/lib/x86_64-linux-gnu/cmake/ignition-msgs5/ignition-msgs5-config.cmake:92 (find_package)
  /usr/lib/x86_64-linux-gnu/cmake/ignition-transport8/ignition-transport8-config.cmake:96 (find_package)
  /usr/lib/x86_64-linux-gnu/cmake/gazebo/gazebo-config.cmake:235 (find_package)
  /opt/ros/noetic/share/gazebo_dev/cmake/gazebo_dev-extras.cmake:2 (find_package)
  /opt/ros/noetic/share/gazebo_dev/cmake/gazebo_devConfig.cmake:222 (include)
  CMakeLists.txt:125 (find_package)


[31m[1mCMake Error[0m at /usr/share/cmake-3.16/Modules/FindProtobuf.cmake:469 (file):
  file STRINGS file "/usr/local/include/google/protobuf/stubs/common.h"
  cannot be read.
[36mCall Stack (most recent call first):[0m
  CMakeLists.txt:189 (find_package)


[31m[1mCMake Error[0m at /usr/share/cmake-3.16/Modules/FindProtobuf.cmake:475 (math):
  math cannot parse the expression: " / 1000000": syntax error, unexpected
  exp_DIVIDE (2).
[36mCall Stack (most recent call first):[0m
  CMakeLists.txt:189 (find_package)


[31m[1mCMake Error[0m at /usr/share/cmake-3.16/Modules/FindProtobuf.cmake:476 (math):
  math cannot parse the expression: " / 1000 % 1000": syntax error,
  unexpected exp_DIVIDE (2).
[36mCall Stack (most recent call first):[0m
  CMakeLists.txt:189 (find_package)


[31m[1mCMake Error[0m at /usr/share/cmake-3.16/Modules/FindProtobuf.cmake:477 (math):
  math cannot parse the expression: " % 1000": syntax error, unexpected
  exp_MOD (2).
[36mCall Stack (most recent call first):[0m
  CMakeLists.txt:189 (find_package)


[33m[1mCMake Warning[0m at /opt/ros/noetic/share/catkin/cmake/catkin_package.cmake:166 (message):
  catkin_package() DEPENDS on 'octomap' but neither 'octomap_INCLUDE_DIRS'
  nor 'octomap_LIBRARIES' is defined.
[36mCall Stack (most recent call first):[0m
  /opt/ros/noetic/share/catkin/cmake/catkin_package.cmake:102 (_catkin_package)
  CMakeLists.txt:229 (catkin_package)


