[  0%] Built target quadrotor_msgs_generate_messages_eus
[  0%] Built target rosgraph_msgs_generate_messages_cpp
[  0%] Built target roscpp_generate_messages_py
[  0%] Built target roscpp_generate_messages_nodejs
[  0%] Built target roscpp_generate_messages_eus
[  0%] Built target roscpp_generate_messages_cpp
[  0%] Built target quadrotor_msgs_generate_messages_py
[  0%] Built target quadrotor_msgs_generate_messages_nodejs
[  0%] Built target quadrotor_msgs_generate_messages_lisp
[  0%] Built target std_msgs_generate_messages_cpp
[  0%] Built target geometry_msgs_generate_messages_nodejs
[  0%] Built target geometry_msgs_generate_messages_cpp
[  0%] Built target std_msgs_generate_messages_eus
[  0%] Built target geometry_msgs_generate_messages_lisp
[  0%] Built target rosgraph_msgs_generate_messages_py
[  0%] Built target std_msgs_generate_messages_lisp
[  0%] Built target actionlib_msgs_generate_messages_cpp
[  0%] Built target roscpp_generate_messages_lisp
[  0%] Built target nav_msgs_generate_messages_py
[  0%] Built target rosgraph_msgs_generate_messages_eus
[  0%] Built target geometry_msgs_generate_messages_py
[  0%] Built target nav_msgs_generate_messages_cpp
[  0%] Built target nav_msgs_generate_messages_lisp
[  0%] Built target geometry_msgs_generate_messages_eus
[  0%] Built target std_msgs_generate_messages_nodejs
[  0%] Built target rosgraph_msgs_generate_messages_lisp
[  0%] Built target actionlib_msgs_generate_messages_eus
[  0%] Built target nav_msgs_generate_messages_nodejs
[  0%] Built target std_msgs_generate_messages_py
[  0%] Built target nav_msgs_generate_messages_eus
[  0%] Built target actionlib_msgs_generate_messages_lisp
[  0%] Built target actionlib_msgs_generate_messages_nodejs
[  0%] Built target rosgraph_msgs_generate_messages_nodejs
[  0%] Built target actionlib_msgs_generate_messages_py
[  0%] Built target quadrotor_msgs_generate_messages_cpp
[35m[1mScanning dependencies of target quadrotor_common[0m
[ 11%] [32mBuilding CXX object CMakeFiles/quadrotor_common.dir/src/control_command.cpp.o[0m
[ 22%] [32mBuilding CXX object CMakeFiles/quadrotor_common.dir/src/math_common.cpp.o[0m
[ 33%] [32mBuilding CXX object CMakeFiles/quadrotor_common.dir/src/trajectory_point.cpp.o[0m
[ 44%] [32mBuilding CXX object CMakeFiles/quadrotor_common.dir/src/trajectory.cpp.o[0m
[ 55%] [32m[1mLinking CXX shared library /home/jerrywang/flightmare_ws/devel/lib/libquadrotor_common.so[0m
[100%] Built target quadrotor_common
