Not searching for unused variables given on the command line.
CMake Warning (dev) at CMakeLists.txt:2 (project):
  Policy CMP0048 is not set: project() command manages VERSION variables.
  Run "cmake --help-policy CMP0048" for policy details.  Use the cmake_policy
  command to set the policy and suppress this warning.

  The following variable(s) would be set to empty:

    CMAKE_PROJECT_VERSION
    CMAKE_PROJECT_VERSION_MAJOR
    CMAKE_PROJECT_VERSION_MINOR
    CMAKE_PROJECT_VERSION_PATCH
This warning is for project developers.  Use -Wno-dev to suppress it.

[36m--[0m Using CATKIN_DEVEL_PREFIX: /home/jerrywang/flightmare_ws/devel
[36m--[0m Using CMAKE_PREFIX_PATH: /opt/ros/noetic
[36m--[0m This workspace overlays: /opt/ros/noetic
[36m--[0m Found PythonInterp: /home/jerrywang/miniconda3/envs/flightmare/bin/python3 (found suitable version "3.6.13", minimum required is "3")
[36m--[0m Using PYTHON_EXECUTABLE: /home/jerrywang/miniconda3/envs/flightmare/bin/python3
[36m--[0m Using Debian Python package layout
[36m--[0m Using empy: /home/jerrywang/miniconda3/envs/flightmare/lib/python3.6/site-packages/em.py
[36m--[0m Using CATKIN_ENABLE_TESTING: ON
[36m--[0m Call enable_testing()
[36m--[0m Using CATKIN_TEST_RESULTS_DIR: /home/jerrywang/flightmare_ws/build/rotors_description/test_results
[36m--[0m Forcing gtest/gmock from source, though one was otherwise available.
[36m--[0m Found gtest sources under '/usr/src/googletest': gtests will be built
[36m--[0m Found gmock sources under '/usr/src/googletest': gmock will be built
[36m--[0m Found PythonInterp: /home/jerrywang/miniconda3/envs/flightmare/bin/python3 (found version "3.6.13")
[36m--[0m Using Python nosetests: /usr/bin/nosetests3
ImportError: "from catkin_pkg.package import parse_package" failed: No module named 'catkin_pkg'
Make sure that you have installed "catkin_pkg", it is up to date and on the PYTHONPATH.
[31m[1mCMake Error[0m at /opt/ros/noetic/share/catkin/cmake/safe_execute_process.cmake:11 (message):
  execute_process(/home/jerrywang/miniconda3/envs/flightmare/bin/python3
  "/opt/ros/noetic/share/catkin/cmake/parse_package_xml.py"
  "/opt/ros/noetic/share/catkin/cmake/../package.xml"
  "/home/jerrywang/flightmare_ws/build/rotors_description/catkin/catkin_generated/version/package.cmake")
  returned error code 1
[36mCall Stack (most recent call first):[0m
  /opt/ros/noetic/share/catkin/cmake/catkin_package_xml.cmake:74 (safe_execute_process)
  /opt/ros/noetic/share/catkin/cmake/all.cmake:168 (_catkin_package_xml)
  /opt/ros/noetic/share/catkin/cmake/catkinConfig.cmake:20 (include)
  CMakeLists.txt:4 (find_package)


[36m--[0m Configuring incomplete, errors occurred!
See also "/home/jerrywang/flightmare_ws/build/rotors_description/CMakeFiles/CMakeOutput.log".
See also "/home/jerrywang/flightmare_ws/build/rotors_description/CMakeFiles/CMakeError.log".
