[  0%] Built target std_msgs_generate_messages_py
[  0%] Built target quadrotor_msgs_generate_messages_py
[  0%] Built target roscpp_generate_messages_py
[  0%] Built target quadrotor_msgs_generate_messages_eus
[  0%] Built target quadrotor_msgs_generate_messages_cpp
[  0%] Built target nav_msgs_generate_messages_eus
[  0%] Built target actionlib_msgs_generate_messages_py
[  0%] Built target rosgraph_msgs_generate_messages_nodejs
[  0%] Built target nav_msgs_generate_messages_nodejs
[  0%] Built target _sbus_bridge_generate_messages_check_deps_SbusRosMessage
[  0%] Built target actionlib_msgs_generate_messages_eus
[  0%] Built target geometry_msgs_generate_messages_eus
[  0%] Built target rosgraph_msgs_generate_messages_lisp
[  0%] Built target actionlib_msgs_generate_messages_nodejs
[  0%] Built target std_msgs_generate_messages_eus
[  0%] Built target actionlib_msgs_generate_messages_lisp
[  0%] Built target geometry_msgs_generate_messages_lisp
[  0%] Built target nav_msgs_generate_messages_lisp
[  0%] Built target nav_msgs_generate_messages_cpp
[  0%] Built target rosgraph_msgs_generate_messages_eus
[  0%] Built target nav_msgs_generate_messages_py
[  0%] Built target roscpp_generate_messages_lisp
[  0%] Built target actionlib_msgs_generate_messages_cpp
[  0%] Built target rosgraph_msgs_generate_messages_py
[  0%] Built target std_msgs_generate_messages_lisp
[  0%] Built target geometry_msgs_generate_messages_nodejs
[  0%] Built target std_msgs_generate_messages_cpp
[  0%] Built target quadrotor_msgs_generate_messages_lisp
[  0%] Built target geometry_msgs_generate_messages_py
[  0%] Built target quadrotor_msgs_generate_messages_nodejs
[  0%] Built target roscpp_generate_messages_cpp
[  0%] Built target roscpp_generate_messages_eus
[  0%] Built target roscpp_generate_messages_nodejs
[  0%] Built target rosgraph_msgs_generate_messages_cpp
[  7%] [34m[1mGenerating EusLisp code from sbus_bridge/SbusRosMessage.msg[0m
[ 15%] [34m[1mGenerating Lisp code from sbus_bridge/SbusRosMessage.msg[0m
[ 15%] Built target sbus_bridge_generate_messages_lisp
[ 23%] [34m[1mGenerating C++ code from sbus_bridge/SbusRosMessage.msg[0m
[ 30%] [34m[1mGenerating EusLisp manifest code for sbus_bridge[0m
[ 30%] Built target std_msgs_generate_messages_nodejs
[ 30%] Built target geometry_msgs_generate_messages_cpp
[ 38%] [34m[1mGenerating Python from MSG sbus_bridge/SbusRosMessage[0m
[ 38%] Built target sbus_bridge_generate_messages_cpp
[ 46%] [34m[1mGenerating Javascript code from sbus_bridge/SbusRosMessage.msg[0m
[ 46%] Built target sbus_bridge_generate_messages_nodejs
[ 53%] [34m[1mGenerating Python msg __init__.py for sbus_bridge[0m
[ 53%] Built target sbus_bridge_generate_messages_eus
[ 53%] Built target sbus_bridge_generate_messages_py
[35m[1mScanning dependencies of target sbus_bridge[0m
[ 53%] Built target sbus_bridge_generate_messages
[ 61%] [32mBuilding CXX object CMakeFiles/sbus_bridge.dir/src/sbus_bridge_node.cpp.o[0m
[ 76%] [32mBuilding CXX object CMakeFiles/sbus_bridge.dir/src/sbus_bridge.cpp.o[0m
[ 76%] [32mBuilding CXX object CMakeFiles/sbus_bridge.dir/src/sbus_serial_port.cpp.o[0m
[ 84%] [32mBuilding CXX object CMakeFiles/sbus_bridge.dir/src/sbus_msg.cpp.o[0m
[ 92%] [32m[1mLinking CXX executable /home/jerrywang/flightmare_ws/devel/lib/sbus_bridge/sbus_bridge[0m
[100%] Built target sbus_bridge
