Traceback (most recent call last):
  File "/opt/ros/noetic/share/genpy/cmake/../../../lib/genpy/genmsg_py.py", line 43, in <module>
    import genpy.generator
  File "/opt/ros/noetic/lib/python3/dist-packages/genpy/__init__.py", line 34, in <module>
    from . message import Message, SerializationError, DeserializationError, MessageException, struct_I
  File "/opt/ros/noetic/lib/python3/dist-packages/genpy/message.py", line 48, in <module>
    import yaml
ModuleNotFoundError: No module named 'yaml'
make[2]: *** [CMakeFiles/mav_system_msgs_generate_messages_py.dir/build.make:66: /home/jerrywang/flightmare_ws/devel/lib/python3/dist-packages/mav_system_msgs/msg/_CpuInfo.py] Error 1
make[2]: *** Waiting for unfinished jobs....
Traceback (most recent call last):
  File "/opt/ros/noetic/share/genpy/cmake/../../../lib/genpy/genmsg_py.py", line 43, in <module>
    import genpy.generator
  File "/opt/ros/noetic/lib/python3/dist-packages/genpy/__init__.py", line 34, in <module>
    from . message import Message, SerializationError, DeserializationError, MessageException, struct_I
  File "/opt/ros/noetic/lib/python3/dist-packages/genpy/message.py", line 48, in <module>
    import yaml
ModuleNotFoundError: No module named 'yaml'
make[2]: *** [CMakeFiles/mav_system_msgs_generate_messages_py.dir/build.make:71: /home/jerrywang/flightmare_ws/devel/lib/python3/dist-packages/mav_system_msgs/msg/_ProcessInfo.py] Error 1
make[1]: *** [CMakeFiles/Makefile2:766: CMakeFiles/mav_system_msgs_generate_messages_py.dir/all] Error 2
make[1]: *** Waiting for unfinished jobs....
make: *** [Makefile:141: all] Error 2
